<?xml version="1.0" encoding="UTF-8"?>
<testsuite name="com.yourpax.app.data.comm.ConnectionMonitorTest" tests="4" skipped="0" failures="0" errors="0" timestamp="2026-06-20T08:29:40" hostname="MOLLA-CHOWDHURY" time="0.023">
  <properties/>
  <testcase name="reconnectNow returns false on failure" classname="com.yourpax.app.data.comm.ConnectionMonitorTest" time="0.016"/>
  <testcase name="stop cancels the job" classname="com.yourpax.app.data.comm.ConnectionMonitorTest" time="0.004"/>
  <testcase name="reconnectNow returns true on success" classname="com.yourpax.app.data.comm.ConnectionMonitorTest" time="0.002"/>
  <testcase name="status starts as CONNECTED" classname="com.yourpax.app.data.comm.ConnectionMonitorTest" time="0.001"/>
  <system-out><![CDATA[]]></system-out>
  <system-err><![CDATA[]]></system-err>
</testsuite>
